0 1 0 1 0 1 0 1 0 1 0 1 0 1 0 1 0 1 0 1 
1 1 1 1 1 1 1 1 1 1 1 1 1 1 1 1 1 1 1 1 
0 0 1 1 1 1 1 1 1 1 1 1 1 1 1 0 1 0 1 0 
1 1 1 1 0 1 0 1 0 1 0 1 0 0 1 1 1 1 1 0 
0 0 1 1 1 1 1 1 1 1 1 1 1 1 1 0 1 0 1 0 
1 1 1 1 0 1 0 1 0 1 0 0 1 1 1 1 1 0 0 0 
0 1 1 1 1 1 1 1 1 1 0 1 1 1 1 1 0 0 0 0 
1 1 1 1 0 1 0 1 0 0 1 1 1 1 1 0 0 1 0 0 
0 1 0 1 0 0 1 1 1 1 1 1 1 1 1 1 1 1 1 0 
1 1 1 1 1 1 1 1 0 1 0 1 0 1 0 1 0 0 1 0 
1 1 1 1 1 1 1 1 0 1 0 1 0 0 1 1 1 1 1 0 
1 1 1 1 1 1 1 1 1 1 1 1 1 1 1 1 1 1 1 1 
0 1 0 1 1 1 1 1 1 1 1 1 0 1 0 1 0 1 0 1 
1 1 1 1 0 1 0 1 0 1 0 1 1 1 1 1 1 1 1 1 
0 1 0 1 1 1 1 1 1 1 1 1 0 1 0 1 0 1 0 1 
Case #1:
0 1 0 1 
1 1 1 1 
0 0 1 1 
1 1 1 1 
Case #2:
0 0 1 1 
0 0 1 1 
1 1 1 1 
1 1 1 1 
Case #3:
0 1 1 1 
1 0 0 1 
1 0 0 1 
0 1 1 1 
Case #4:
